#
# A fatal error has been detected by the Java Runtime Environment:
#
#  EXCEPTION_ACCESS_VIOLATION (0xc0000005) at pc=0x00000000577382b5, pid=13692, tid=14860
#
# JRE version: Java(TM) SE Runtime Environment (8.0_45-b15) (build 1.8.0_45-b15)
# Java VM: Java HotSpot(TM) 64-Bit Server VM (25.45-b02 mixed mode windows-amd64 compressed oops)
# Problematic frame:
# V  [jvm.dll+0x1282b5]
#
# Failed to write core dump. Minidumps are not enabled by default on client versions of Windows
#
# If you would like to submit a bug report, please visit:
#   http://bugreport.java.com/bugreport/crash.jsp
#

---------------  T H R E A D  ---------------

Current thread (0x0000000019d81800):  JavaThread "JDWP Transport Listener: dt_socket" daemon [_thread_in_vm, id=14860, stack(0x000000001a680000,0x000000001a780000)]

siginfo: ExceptionCode=0xc0000005, reading address 0x0000000000000008

Registers:
RAX=0x000000001a77f201, RBX=0x0000000019d81800, RCX=0x0000000000000008, RDX=0x0000000000000000
RSP=0x000000001a77f290, RBP=0x0000000000000008, RSI=0x000000001a77f3a8, RDI=0x000000000122d580
R8 =0x0000000019d81800, R9 =0x0000000000000001, R10=0x0000000000008000, R11=0x000000001a77f1e0
R12=0x0000000000000000, R13=0x0000000019d77798, R14=0x0000000000000000, R15=0x0000000000000000
RIP=0x00000000577382b5, EFLAGS=0x0000000000010202

Top of Stack: (sp=0x000000001a77f290)
0x000000001a77f290:   0000000019d81800 0000000019d81800
0x000000001a77f2a0:   000000001a77f358 000000005793c7db
0x000000001a77f2b0:   0000000019d81800 000000005795903d
0x000000001a77f2c0:   0000000000000000 0000000056919155
0x000000001a77f2d0:   00000000220b27c0 000000005692291e
0x000000001a77f2e0:   0000000019d81800 0000000000000000
0x000000001a77f2f0:   0000000000000000 0000000000000000
0x000000001a77f300:   0000000000000008 0000000056921a15
0x000000001a77f310:   000000001a77f3a8 000000001a77f380
0x000000001a77f320:   0000000000000001 00000000220b27c0
0x000000001a77f330:   0000000000000008 00000000569053b3
0x000000001a77f340:   000000001a77f470 0000000000000001
0x000000001a77f350:   0000000000000001 00000000220b27c0
0x000000001a77f360:   0000000000000001 0000000000000000
0x000000001a77f370:   0000000000000000 0000000000000000
0x000000001a77f380:   0000000000000001 0000000056905571 

Instructions: (pc=0x00000000577382b5)
0x0000000057738295:   cc cc cc cc cc cc cc cc cc cc cc 48 83 ec 28 48
0x00000000577382a5:   85 c9 75 07 33 c0 48 83 c4 28 c3 48 89 5c 24 20
0x00000000577382b5:   48 8b 19 48 85 db 74 20 48 83 fb 37 74 1a 48 8b
0x00000000577382c5:   13 48 8b cb ff 52 10 84 c0 74 0d 48 8b c3 48 8b 


Register to memory mapping:

RAX=0x000000001a77f201 is pointing into the stack for thread: 0x0000000019d81800
RBX=0x0000000019d81800 is a thread
RCX=0x0000000000000008 is an unknown value
RDX=0x0000000000000000 is an unknown value
RSP=0x000000001a77f290 is pointing into the stack for thread: 0x0000000019d81800
RBP=0x0000000000000008 is an unknown value
RSI=0x000000001a77f3a8 is pointing into the stack for thread: 0x0000000019d81800
RDI=0x000000000122d580 is an unknown value
R8 =0x0000000019d81800 is a thread
R9 =0x0000000000000001 is an unknown value
R10=0x0000000000008000 is an unknown value
R11=0x000000001a77f1e0 is pointing into the stack for thread: 0x0000000019d81800
R12=0x0000000000000000 is an unknown value
R13=0x0000000019d77798 is an unknown value
R14=0x0000000000000000 is an unknown value
R15=0x0000000000000000 is an unknown value


Stack: [0x000000001a680000,0x000000001a780000],  sp=0x000000001a77f290,  free space=1020k
Native frames: (J=compiled Java code, j=interpreted, Vv=VM code, C=native code)
V  [jvm.dll+0x1282b5]
V  [jvm.dll+0x34903d]
C  [jdwp.dll+0x21a15]
C  [jdwp.dll+0x53b3]
C  [jdwp.dll+0x5571]
C  [jdwp.dll+0xf0a8]
C  [jdwp.dll+0x1f2d5]
C  [jdwp.dll+0x1f4aa]
V  [jvm.dll+0x1bae98]
V  [jvm.dll+0x241984]
V  [jvm.dll+0x29853a]
C  [msvcr100.dll+0x21d9f]
C  [msvcr100.dll+0x21e3b]
C  [KERNEL32.DLL+0x17034]
C  [ntdll.dll+0x526a1]


---------------  P R O C E S S  ---------------

Java Threads: ( => current thread )
  0x000000001ae02800 JavaThread "http-nio-8081-Acceptor" daemon [_thread_in_native, id=14828, stack(0x0000000024160000,0x0000000024260000)]
  0x000000001ae01800 JavaThread "http-nio-8081-Poller" daemon [_thread_in_native, id=13052, stack(0x0000000024060000,0x0000000024160000)]
  0x000000001ae03000 JavaThread "http-nio-8081-exec-10" daemon [_thread_blocked, id=13916, stack(0x0000000023f60000,0x0000000024060000)]
  0x000000001ae01000 JavaThread "http-nio-8081-exec-9" daemon [_thread_blocked, id=11848, stack(0x0000000023e60000,0x0000000023f60000)]
  0x000000001adfb800 JavaThread "http-nio-8081-exec-8" daemon [_thread_blocked, id=4824, stack(0x0000000023d60000,0x0000000023e60000)]
  0x000000001adff800 JavaThread "http-nio-8081-exec-7" daemon [_thread_blocked, id=8044, stack(0x0000000023c60000,0x0000000023d60000)]
  0x000000001adfe000 JavaThread "http-nio-8081-exec-6" daemon [_thread_blocked, id=7800, stack(0x0000000023b60000,0x0000000023c60000)]
  0x000000001adfa000 JavaThread "http-nio-8081-exec-5" daemon [_thread_blocked, id=4584, stack(0x0000000023860000,0x0000000023960000)]
  0x000000001adfe800 JavaThread "http-nio-8081-exec-4" daemon [_thread_blocked, id=1440, stack(0x0000000023760000,0x0000000023860000)]
  0x000000001ae00000 JavaThread "http-nio-8081-exec-3" daemon [_thread_blocked, id=13308, stack(0x0000000023660000,0x0000000023760000)]
  0x000000001adfd000 JavaThread "http-nio-8081-exec-2" daemon [_thread_blocked, id=7076, stack(0x0000000023560000,0x0000000023660000)]
  0x000000001adf7000 JavaThread "http-nio-8081-exec-1" daemon [_thread_blocked, id=8712, stack(0x0000000021760000,0x0000000021860000)]
  0x000000001adfc800 JavaThread "File Watcher" daemon [_thread_blocked, id=10056, stack(0x0000000020360000,0x0000000020460000)]
  0x000000001adf6800 JavaThread "HikariPool-7 housekeeper" daemon [_thread_blocked, id=8476, stack(0x000000001f960000,0x000000001fa60000)]
  0x000000001adf4000 JavaThread "container-0" [_thread_blocked, id=5776, stack(0x000000001d890000,0x000000001d990000)]
  0x000000001adf5800 JavaThread "Catalina-utility-2" [_thread_blocked, id=12448, stack(0x000000001c0c0000,0x000000001c1c0000)]
  0x000000001adf8800 JavaThread "Catalina-utility-1" [_thread_blocked, id=14672, stack(0x000000001bec0000,0x000000001bfc0000)]
  0x000000001d0b3000 JavaThread "RMI TCP Connection(idle)" daemon [_thread_blocked, id=8736, stack(0x0000000000ef0000,0x0000000000ff0000)]
  0x000000001d0ad000 JavaThread "RMI TCP Connection(idle)" daemon [_thread_blocked, id=9332, stack(0x0000000023a60000,0x0000000023b60000)]
  0x000000001d0b2800 JavaThread "RMI TCP Connection(idle)" daemon [_thread_blocked, id=12888, stack(0x0000000023960000,0x0000000023a60000)]
  0x000000001adf8000 JavaThread "DestroyJavaVM" [_thread_blocked, id=10772, stack(0x0000000002a50000,0x0000000002b50000)]
  0x000000001d0b0000 JavaThread "Live Reload Server" daemon [_thread_in_native, id=6936, stack(0x0000000021860000,0x0000000021960000)]
  0x000000001d0b4000 JavaThread "mysql-cj-abandoned-connection-cleanup" daemon [_thread_blocked, id=1868, stack(0x000000001fb60000,0x000000001fc60000)]
  0x000000001b0b7000 JavaThread "JMX server connection timeout 24" daemon [_thread_blocked, id=7916, stack(0x000000001c5c0000,0x000000001c6c0000)]
  0x000000001b0ab800 JavaThread "RMI TCP Connection(15)-127.0.0.1" daemon [_thread_in_native, id=7956, stack(0x000000001c4c0000,0x000000001c5c0000)]
  0x000000001b0ad800 JavaThread "RMI Scheduler(0)" daemon [_thread_blocked, id=7272, stack(0x000000001c3c0000,0x000000001c4c0000)]
  0x000000001ac28800 JavaThread "RMI TCP Accept-0" daemon [_thread_in_native, id=9884, stack(0x000000001b880000,0x000000001b980000)]
  0x000000001ac17800 JavaThread "RMI TCP Accept-54997" daemon [_thread_in_native, id=15132, stack(0x000000001b780000,0x000000001b880000)]
  0x000000001ac15000 JavaThread "RMI TCP Accept-0" daemon [_thread_in_native, id=9088, stack(0x000000001b680000,0x000000001b780000)]
  0x000000001aa89800 JavaThread "Service Thread" daemon [_thread_blocked, id=8104, stack(0x000000001b580000,0x000000001b680000)]
  0x000000001aa07000 JavaThread "C1 CompilerThread3" daemon [_thread_blocked, id=13596, stack(0x000000001b480000,0x000000001b580000)]
  0x000000001a997000 JavaThread "C2 CompilerThread2" daemon [_thread_blocked, id=12864, stack(0x000000001b380000,0x000000001b480000)]
  0x000000001a996800 JavaThread "C2 CompilerThread1" daemon [_thread_blocked, id=4944, stack(0x000000001b280000,0x000000001b380000)]
  0x000000001aa1a000 JavaThread "C2 CompilerThread0" daemon [_thread_blocked, id=13672, stack(0x000000001b180000,0x000000001b280000)]
  0x0000000019d8b800 JavaThread "JDWP Command Reader" daemon [_thread_in_native, id=14904, stack(0x000000001a880000,0x000000001a980000)]
  0x0000000019d84800 JavaThread "JDWP Event Helper Thread" daemon [_thread_blocked, id=8952, stack(0x000000001a780000,0x000000001a880000)]
=>0x0000000019d81800 JavaThread "JDWP Transport Listener: dt_socket" daemon [_thread_in_vm, id=14860, stack(0x000000001a680000,0x000000001a780000)]
  0x0000000019d6f000 JavaThread "Attach Listener" daemon [_thread_blocked, id=11448, stack(0x000000001a240000,0x000000001a340000)]
  0x0000000019d6e000 JavaThread "Signal Dispatcher" daemon [_thread_blocked, id=5920, stack(0x000000001a140000,0x000000001a240000)]
  0x0000000002e2e000 JavaThread "Finalizer" daemon [_thread_blocked, id=7072, stack(0x0000000019c40000,0x0000000019d40000)]
  0x0000000017d3d800 JavaThread "Reference Handler" daemon [_thread_blocked, id=10460, stack(0x0000000019b40000,0x0000000019c40000)]

Other Threads:
  0x0000000017d39800 VMThread [stack: 0x0000000019a40000,0x0000000019b40000] [id=13304]
  0x000000001ac2a000 WatcherThread [stack: 0x000000001b980000,0x000000001ba80000] [id=8872]

VM state:not at safepoint (normal execution)

VM Mutex/Monitor currently owned by a thread: None

Heap:
 PSYoungGen      total 616448K, used 91997K [0x00000000d6180000, 0x00000000fee00000, 0x0000000100000000)
  eden space 600064K, 12% used [0x00000000d6180000,0x00000000dacca930,0x00000000fab80000)
  from space 16384K, 90% used [0x00000000fab80000,0x00000000fba0ce60,0x00000000fbb80000)
  to   space 17920K, 0% used [0x00000000fdc80000,0x00000000fdc80000,0x00000000fee00000)
 ParOldGen       total 127488K, used 38864K [0x0000000082400000, 0x000000008a080000, 0x00000000d6180000)
  object space 127488K, 30% used [0x0000000082400000,0x00000000849f4168,0x000000008a080000)
 Metaspace       used 70614K, capacity 76064K, committed 76312K, reserved 1116160K
  class space    used 9428K, capacity 10440K, committed 10544K, reserved 1048576K

Card table byte_map: [0x00000000121f0000,0x00000000125e0000] byte_map_base: 0x0000000011dde000

Marking Bits: (ParMarkBitMap*) 0x0000000057e14040
 Begin Bits: [0x0000000013080000, 0x0000000014ff0000)
 End Bits:   [0x0000000014ff0000, 0x0000000016f60000)

Polling page: 0x0000000001180000

CodeCache: size=245760Kb used=20317Kb max_used=20317Kb free=225442Kb
 bounds [0x0000000002e30000, 0x0000000004210000, 0x0000000011e30000]
 total_blobs=10775 nmethods=10190 adapters=504
 compilation: enabled

Compilation events (10 events):
Event: 165.049 Thread 0x000000001aa07000 10340       1       java.lang.Long::hashCode (8 bytes)
Event: 165.050 Thread 0x000000001aa07000 nmethod 10340 0x000000000420a6d0 code [0x000000000420a820, 0x000000000420a950]
Event: 169.345 Thread 0x000000001aa07000 10341       1       java.util.concurrent.locks.AbstractQueuedSynchronizer::transferForSignal (45 bytes)
Event: 169.346 Thread 0x000000001aa07000 nmethod 10341 0x000000000420a9d0 code [0x000000000420ab40, 0x000000000420ad78]
Event: 173.340 Thread 0x000000001aa07000 10342       1       java.util.concurrent.locks.AbstractQueuedSynchronizer$ConditionObject::await (98 bytes)
Event: 173.341 Thread 0x000000001aa07000 nmethod 10342 0x000000000420ae90 code [0x000000000420b0a0, 0x000000000420b668]
Event: 178.353 Thread 0x000000001aa07000 10343       1       java.util.concurrent.locks.AbstractQueuedSynchronizer$ConditionObject::doSignal (43 bytes)
Event: 178.354 Thread 0x000000001aa07000 nmethod 10343 0x000000000420bc10 code [0x000000000420bd80, 0x000000000420bf68]
Event: 192.423 Thread 0x000000001aa07000 10344       1       java.util.concurrent.ThreadPoolExecutor::ensurePrestart (41 bytes)
Event: 192.424 Thread 0x000000001aa07000 nmethod 10344 0x000000000420c050 code [0x000000000420c1c0, 0x000000000420c378]

GC Heap History (10 events):
Event: 132.184 GC heap before
{Heap before GC invocations=30 (full 8):
 PSYoungGen      total 581632K, used 8854K [0x00000000d6180000, 0x00000000fa980000, 0x0000000100000000)
  eden space 566272K, 0% used [0x00000000d6180000,0x00000000d6180000,0x00000000f8a80000)
  from space 15360K, 57% used [0x00000000f9a80000,0x00000000fa325900,0x00000000fa980000)
  to   space 15872K, 0% used [0x00000000f8a80000,0x00000000f8a80000,0x00000000f9a00000)
 ParOldGen       total 127488K, used 37799K [0x0000000082400000, 0x000000008a080000, 0x00000000d6180000)
  object space 127488K, 29% used [0x0000000082400000,0x00000000848e9f60,0x000000008a080000)
 Metaspace       used 68558K, capacity 73844K, committed 74008K, reserved 1114112K
  class space    used 9249K, capacity 10201K, committed 10288K, reserved 1048576K
Event: 132.332 GC heap after
Heap after GC invocations=30 (full 8):
 PSYoungGen      total 581632K, used 0K [0x00000000d6180000, 0x00000000fa980000, 0x0000000100000000)
  eden space 566272K, 0% used [0x00000000d6180000,0x00000000d6180000,0x00000000f8a80000)
  from space 15360K, 0% used [0x00000000f9a80000,0x00000000f9a80000,0x00000000fa980000)
  to   space 15872K, 0% used [0x00000000f8a80000,0x00000000f8a80000,0x00000000f9a00000)
 ParOldGen       total 127488K, used 38306K [0x0000000082400000, 0x000000008a080000, 0x00000000d6180000)
  object space 127488K, 30% used [0x0000000082400000,0x0000000084968858,0x000000008a080000)
 Metaspace       used 68510K, capacity 73766K, committed 74008K, reserved 1114112K
  class space    used 9242K, capacity 10187K, committed 10288K, reserved 1048576K
}
Event: 134.244 GC heap before
{Heap before GC invocations=31 (full 8):
 PSYoungGen      total 581632K, used 566272K [0x00000000d6180000, 0x00000000fa980000, 0x0000000100000000)
  eden space 566272K, 100% used [0x00000000d6180000,0x00000000f8a80000,0x00000000f8a80000)
  from space 15360K, 0% used [0x00000000f9a80000,0x00000000f9a80000,0x00000000fa980000)
  to   space 15872K, 0% used [0x00000000f8a80000,0x00000000f8a80000,0x00000000f9a00000)
 ParOldGen       total 127488K, used 38306K [0x0000000082400000, 0x000000008a080000, 0x00000000d6180000)
  object space 127488K, 30% used [0x0000000082400000,0x0000000084968858,0x000000008a080000)
 Metaspace       used 69569K, capacity 75004K, committed 75160K, reserved 1114112K
  class space    used 9340K, capacity 10328K, committed 10416K, reserved 1048576K
Event: 134.253 GC heap after
Heap after GC invocations=31 (full 8):
 PSYoungGen      total 582144K, used 14114K [0x00000000d6180000, 0x00000000fcc80000, 0x0000000100000000)
  eden space 566272K, 0% used [0x00000000d6180000,0x00000000d6180000,0x00000000f8a80000)
  from space 15872K, 88% used [0x00000000f8a80000,0x00000000f9848910,0x00000000f9a00000)
  to   space 16896K, 0% used [0x00000000fbc00000,0x00000000fbc00000,0x00000000fcc80000)
 ParOldGen       total 127488K, used 38314K [0x0000000082400000, 0x000000008a080000, 0x00000000d6180000)
  object space 127488K, 30% used [0x0000000082400000,0x000000008496a858,0x000000008a080000)
 Metaspace       used 69569K, capacity 75004K, committed 75160K, reserved 1114112K
  class space    used 9340K, capacity 10328K, committed 10416K, reserved 1048576K
}
Event: 161.738 GC heap before
{Heap before GC invocations=32 (full 8):
 PSYoungGen      total 582144K, used 123712K [0x00000000d6180000, 0x00000000fcc80000, 0x0000000100000000)
  eden space 566272K, 19% used [0x00000000d6180000,0x00000000dcc876f0,0x00000000f8a80000)
  from space 15872K, 88% used [0x00000000f8a80000,0x00000000f9848910,0x00000000f9a00000)
  to   space 16896K, 0% used [0x00000000fbc00000,0x00000000fbc00000,0x00000000fcc80000)
 ParOldGen       total 127488K, used 38314K [0x0000000082400000, 0x000000008a080000, 0x00000000d6180000)
  object space 127488K, 30% used [0x0000000082400000,0x000000008496a858,0x000000008a080000)
 Metaspace       used 69598K, capacity 75010K, committed 75160K, reserved 1114112K
  class space    used 9341K, capacity 10330K, committed 10416K, reserved 1048576K
Event: 161.745 GC heap after
Heap after GC invocations=32 (full 8):
 PSYoungGen      total 615936K, used 8918K [0x00000000d6180000, 0x00000000fcb80000, 0x0000000100000000)
  eden space 600064K, 0% used [0x00000000d6180000,0x00000000d6180000,0x00000000fab80000)
  from space 15872K, 56% used [0x00000000fbc00000,0x00000000fc4b5900,0x00000000fcb80000)
  to   space 16384K, 0% used [0x00000000fab80000,0x00000000fab80000,0x00000000fbb80000)
 ParOldGen       total 127488K, used 38322K [0x0000000082400000, 0x000000008a080000, 0x00000000d6180000)
  object space 127488K, 30% used [0x0000000082400000,0x000000008496c858,0x000000008a080000)
 Metaspace       used 69598K, capacity 75010K, committed 75160K, reserved 1114112K
  class space    used 9341K, capacity 10330K, committed 10416K, reserved 1048576K
}
Event: 161.745 GC heap before
{Heap before GC invocations=33 (full 9):
 PSYoungGen      total 615936K, used 8918K [0x00000000d6180000, 0x00000000fcb80000, 0x0000000100000000)
  eden space 600064K, 0% used [0x00000000d6180000,0x00000000d6180000,0x00000000fab80000)
  from space 15872K, 56% used [0x00000000fbc00000,0x00000000fc4b5900,0x00000000fcb80000)
  to   space 16384K, 0% used [0x00000000fab80000,0x00000000fab80000,0x00000000fbb80000)
 ParOldGen       total 127488K, used 38322K [0x0000000082400000, 0x000000008a080000, 0x00000000d6180000)
  object space 127488K, 30% used [0x0000000082400000,0x000000008496c858,0x000000008a080000)
 Metaspace       used 69598K, capacity 75010K, committed 75160K, reserved 1114112K
  class space    used 9341K, capacity 10330K, committed 10416K, reserved 1048576K
Event: 161.943 GC heap after
Heap after GC invocations=33 (full 9):
 PSYoungGen      total 615936K, used 0K [0x00000000d6180000, 0x00000000fcb80000, 0x0000000100000000)
  eden space 600064K, 0% used [0x00000000d6180000,0x00000000d6180000,0x00000000fab80000)
  from space 15872K, 0% used [0x00000000fbc00000,0x00000000fbc00000,0x00000000fcb80000)
  to   space 16384K, 0% used [0x00000000fab80000,0x00000000fab80000,0x00000000fbb80000)
 ParOldGen       total 127488K, used 38856K [0x0000000082400000, 0x000000008a080000, 0x00000000d6180000)
  object space 127488K, 30% used [0x0000000082400000,0x00000000849f2168,0x000000008a080000)
 Metaspace       used 69550K, capacity 74932K, committed 75160K, reserved 1114112K
  class space    used 9334K, capacity 10316K, committed 10416K, reserved 1048576K
}
Event: 164.225 GC heap before
{Heap before GC invocations=34 (full 9):
 PSYoungGen      total 615936K, used 600064K [0x00000000d6180000, 0x00000000fcb80000, 0x0000000100000000)
  eden space 600064K, 100% used [0x00000000d6180000,0x00000000fab80000,0x00000000fab80000)
  from space 15872K, 0% used [0x00000000fbc00000,0x00000000fbc00000,0x00000000fcb80000)
  to   space 16384K, 0% used [0x00000000fab80000,0x00000000fab80000,0x00000000fbb80000)
 ParOldGen       total 127488K, used 38856K [0x0000000082400000, 0x000000008a080000, 0x00000000d6180000)
  object space 127488K, 30% used [0x0000000082400000,0x00000000849f2168,0x000000008a080000)
 Metaspace       used 70550K, capacity 76040K, committed 76312K, reserved 1116160K
  class space    used 9422K, capacity 10436K, committed 10544K, reserved 1048576K
Event: 164.235 GC heap after
Heap after GC invocations=34 (full 9):
 PSYoungGen      total 616448K, used 14899K [0x00000000d6180000, 0x00000000fee00000, 0x0000000100000000)
  eden space 600064K, 0% used [0x00000000d6180000,0x00000000d6180000,0x00000000fab80000)
  from space 16384K, 90% used [0x00000000fab80000,0x00000000fba0ce60,0x00000000fbb80000)
  to   space 17920K, 0% used [0x00000000fdc80000,0x00000000fdc80000,0x00000000fee00000)
 ParOldGen       total 127488K, used 38864K [0x0000000082400000, 0x000000008a080000, 0x00000000d6180000)
  object space 127488K, 30% used [0x0000000082400000,0x00000000849f4168,0x000000008a080000)
 Metaspace       used 70550K, capacity 76040K, committed 76312K, reserved 1116160K
  class space    used 9422K, capacity 10436K, committed 10544K, reserved 1048576K
}

Deoptimization events (0 events):
No events

Internal exceptions (10 events):
Event: 164.323 Thread 0x000000001d0ae000 Exception <a 'java/lang/ArrayIndexOutOfBoundsException'> (0x00000000d7fbdf10) thrown at [C:\re\workspace\8-2-build-windows-amd64-cygwin\jdk8u45\3627\hotspot\src\share\vm\runtime\sharedRuntime.cpp, line 605]
Event: 164.323 Thread 0x000000001d0ae000 Exception <a 'java/lang/ArrayIndexOutOfBoundsException'> (0x00000000d7fc6110) thrown at [C:\re\workspace\8-2-build-windows-amd64-cygwin\jdk8u45\3627\hotspot\src\share\vm\runtime\sharedRuntime.cpp, line 605]
Event: 164.323 Thread 0x000000001d0ae000 Exception <a 'java/lang/ArrayIndexOutOfBoundsException'> (0x00000000d7fe2db0) thrown at [C:\re\workspace\8-2-build-windows-amd64-cygwin\jdk8u45\3627\hotspot\src\share\vm\runtime\sharedRuntime.cpp, line 605]
Event: 164.324 Thread 0x000000001d0ae000 Exception <a 'java/lang/ArrayIndexOutOfBoundsException'> (0x00000000d7fe7518) thrown at [C:\re\workspace\8-2-build-windows-amd64-cygwin\jdk8u45\3627\hotspot\src\share\vm\runtime\sharedRuntime.cpp, line 605]
Event: 164.324 Thread 0x000000001d0ae000 Exception <a 'java/lang/ArrayIndexOutOfBoundsException'> (0x00000000d7feb6d0) thrown at [C:\re\workspace\8-2-build-windows-amd64-cygwin\jdk8u45\3627\hotspot\src\share\vm\runtime\sharedRuntime.cpp, line 605]
Event: 164.324 Thread 0x000000001d0ae000 Exception <a 'java/lang/ArrayIndexOutOfBoundsException'> (0x00000000d7ff38d0) thrown at [C:\re\workspace\8-2-build-windows-amd64-cygwin\jdk8u45\3627\hotspot\src\share\vm\runtime\sharedRuntime.cpp, line 605]
Event: 164.324 Thread 0x000000001d0ae000 Exception <a 'java/lang/ArrayIndexOutOfBoundsException'> (0x00000000d8010570) thrown at [C:\re\workspace\8-2-build-windows-amd64-cygwin\jdk8u45\3627\hotspot\src\share\vm\runtime\sharedRuntime.cpp, line 605]
Event: 164.324 Thread 0x000000001d0ae000 Exception <a 'java/lang/ArrayIndexOutOfBoundsException'> (0x00000000d8014cd8) thrown at [C:\re\workspace\8-2-build-windows-amd64-cygwin\jdk8u45\3627\hotspot\src\share\vm\runtime\sharedRuntime.cpp, line 605]
Event: 164.324 Thread 0x000000001d0ae000 Exception <a 'java/lang/ArrayIndexOutOfBoundsException'> (0x00000000d8018e90) thrown at [C:\re\workspace\8-2-build-windows-amd64-cygwin\jdk8u45\3627\hotspot\src\share\vm\runtime\sharedRuntime.cpp, line 605]
Event: 164.324 Thread 0x000000001d0ae000 Exception <a 'java/lang/ArrayIndexOutOfBoundsException'> (0x00000000d8021090) thrown at [C:\re\workspace\8-2-build-windows-amd64-cygwin\jdk8u45\3627\hotspot\src\share\vm\runtime\sharedRuntime.cpp, line 605]

Events (10 events):
Event: 172.408 Executing VM operation: RevokeBias
Event: 172.408 Executing VM operation: RevokeBias done
Event: 172.408 Executing VM operation: RevokeBias
Event: 172.408 Executing VM operation: RevokeBias done
Event: 172.408 Executing VM operation: RevokeBias
Event: 172.408 Executing VM operation: RevokeBias done
Event: 172.408 Executing VM operation: RevokeBias
Event: 172.408 Executing VM operation: RevokeBias done
Event: 194.274 Executing VM operation: RedefineClasses
Event: 194.494 Executing VM operation: RedefineClasses done


Dynamic libraries:
0x00007ff6bf070000 - 0x00007ff6bf0a7000 	C:\Program Files\Java\jre1.8.0_45\bin\javaw.exe
0x00007ffb39610000 - 0x00007ffb39808000 	C:\WINDOWS\SYSTEM32\ntdll.dll
0x00007ffb38e50000 - 0x00007ffb38f0d000 	C:\WINDOWS\System32\KERNEL32.DLL
0x00007ffb373a0000 - 0x00007ffb3766e000 	C:\WINDOWS\System32\KERNELBASE.dll
0x00007ffb389e0000 - 0x00007ffb38a8e000 	C:\WINDOWS\System32\ADVAPI32.dll
0x00007ffb38f40000 - 0x00007ffb38fde000 	C:\WINDOWS\System32\msvcrt.dll
0x00007ffb37ca0000 - 0x00007ffb37d3c000 	C:\WINDOWS\System32\sechost.dll
0x00007ffb38b00000 - 0x00007ffb38c25000 	C:\WINDOWS\System32\RPCRT4.dll
0x00007ffb37930000 - 0x00007ffb37ad0000 	C:\WINDOWS\System32\USER32.dll
0x00007ffb36d30000 - 0x00007ffb36d52000 	C:\WINDOWS\System32\win32u.dll
0x00007ffb38e20000 - 0x00007ffb38e4a000 	C:\WINDOWS\System32\GDI32.dll
0x00007ffb37210000 - 0x00007ffb3731b000 	C:\WINDOWS\System32\gdi32full.dll
0x00007ffb36e60000 - 0x00007ffb36efd000 	C:\WINDOWS\System32\msvcp_win.dll
0x00007ffb36d60000 - 0x00007ffb36e60000 	C:\WINDOWS\System32\ucrtbase.dll
0x00007ffb25030000 - 0x00007ffb252ca000 	C:\WINDOWS\WinSxS\amd64_microsoft.windows.common-controls_6595b64144ccf1df_6.0.19041.1110_none_60b5254171f9507e\COMCTL32.dll
0x00007ffb38f10000 - 0x00007ffb38f40000 	C:\WINDOWS\System32\IMM32.DLL
0x0000000056940000 - 0x0000000056a12000 	C:\Program Files\Java\jre1.8.0_45\bin\msvcr100.dll
0x0000000057610000 - 0x0000000057e93000 	C:\Program Files\Java\jre1.8.0_45\bin\server\jvm.dll
0x00007ffb37ba0000 - 0x00007ffb37ba8000 	C:\WINDOWS\System32\PSAPI.DLL
0x00007ffb2f090000 - 0x00007ffb2f099000 	C:\WINDOWS\SYSTEM32\WSOCK32.dll
0x00007ffb38a90000 - 0x00007ffb38afb000 	C:\WINDOWS\System32\WS2_32.dll
0x00007ffb2bb40000 - 0x00007ffb2bb4a000 	C:\WINDOWS\SYSTEM32\VERSION.dll
0x00007ffb1d080000 - 0x00007ffb1d0a7000 	C:\WINDOWS\SYSTEM32\WINMM.dll
0x0000000057520000 - 0x000000005752f000 	C:\Program Files\Java\jre1.8.0_45\bin\verify.dll
0x00000000574f0000 - 0x0000000057519000 	C:\Program Files\Java\jre1.8.0_45\bin\java.dll
0x0000000056900000 - 0x0000000056935000 	C:\Program Files\Java\jre1.8.0_45\bin\jdwp.dll
0x00000000568f0000 - 0x00000000568f8000 	C:\Program Files\Java\jre1.8.0_45\bin\npt.dll
0x00000000568c0000 - 0x00000000568e3000 	C:\Program Files\Java\jre1.8.0_45\bin\instrument.dll
0x00000000574d0000 - 0x00000000574e6000 	C:\Program Files\Java\jre1.8.0_45\bin\zip.dll
0x00007ffb38290000 - 0x00007ffb389d3000 	C:\WINDOWS\System32\SHELL32.dll
0x00007ffb34e00000 - 0x00007ffb35595000 	C:\WINDOWS\SYSTEM32\windows.storage.dll
0x00007ffb39000000 - 0x00007ffb39354000 	C:\WINDOWS\System32\combase.dll
0x00007ffb366c0000 - 0x00007ffb366f0000 	C:\WINDOWS\SYSTEM32\Wldp.dll
0x00007ffb37880000 - 0x00007ffb3792d000 	C:\WINDOWS\System32\SHCORE.dll
0x00007ffb39360000 - 0x00007ffb393b5000 	C:\WINDOWS\System32\shlwapi.dll
0x00007ffb36c70000 - 0x00007ffb36c8f000 	C:\WINDOWS\SYSTEM32\profapi.dll
0x00000000568b0000 - 0x00000000568b9000 	C:\Program Files\Java\jre1.8.0_45\bin\dt_socket.dll
0x00007ffaebc50000 - 0x00007ffaebc67000 	C:\WINDOWS\system32\napinsp.dll
0x00007ffaebc70000 - 0x00007ffaebc8b000 	C:\WINDOWS\system32\pnrpnsp.dll
0x00007ffb30ff0000 - 0x00007ffb31005000 	C:\WINDOWS\system32\wshbth.dll
0x00007ffb317f0000 - 0x00007ffb3180d000 	C:\WINDOWS\system32\NLAapi.dll
0x00007ffb36110000 - 0x00007ffb3614b000 	C:\WINDOWS\SYSTEM32\IPHLPAPI.DLL
0x00007ffb36420000 - 0x00007ffb3648a000 	C:\WINDOWS\System32\mswsock.dll
0x00007ffb36150000 - 0x00007ffb3621a000 	C:\WINDOWS\SYSTEM32\DNSAPI.dll
0x00007ffb38c30000 - 0x00007ffb38c38000 	C:\WINDOWS\System32\NSI.dll
0x00007ffaf3590000 - 0x00007ffaf35a2000 	C:\WINDOWS\System32\winrnr.dll
0x00007ffb281a0000 - 0x00007ffb28220000 	C:\WINDOWS\System32\fwpuclnt.dll
0x00007ffb37370000 - 0x00007ffb37397000 	C:\WINDOWS\System32\bcrypt.dll
0x00007ffb2bd40000 - 0x00007ffb2bd4a000 	C:\Windows\System32\rasadhlp.dll
0x0000000056ab0000 - 0x0000000056abd000 	C:\Program Files\Java\jre1.8.0_45\bin\management.dll
0x00000000574b0000 - 0x00000000574ca000 	C:\Program Files\Java\jre1.8.0_45\bin\net.dll
0x0000000057490000 - 0x00000000574a1000 	C:\Program Files\Java\jre1.8.0_45\bin\nio.dll
0x00007ffb36610000 - 0x00007ffb36628000 	C:\WINDOWS\SYSTEM32\CRYPTSP.dll
0x00007ffb35da0000 - 0x00007ffb35dd4000 	C:\WINDOWS\system32\rsaenh.dll
0x00007ffb36c30000 - 0x00007ffb36c5e000 	C:\WINDOWS\SYSTEM32\USERENV.dll
0x00007ffb37060000 - 0x00007ffb370e2000 	C:\WINDOWS\System32\bcryptprimitives.dll
0x00007ffb36630000 - 0x00007ffb3663c000 	C:\WINDOWS\SYSTEM32\CRYPTBASE.dll
0x00007ffb2ca80000 - 0x00007ffb2ca97000 	C:\WINDOWS\SYSTEM32\dhcpcsvc6.DLL
0x00007ffb2ca60000 - 0x00007ffb2ca7d000 	C:\WINDOWS\SYSTEM32\dhcpcsvc.DLL
0x0000000056a50000 - 0x0000000056a74000 	C:\Program Files\Java\jre1.8.0_45\bin\sunec.dll
0x00000000568a0000 - 0x00000000568ab000 	C:\Program Files\Java\jre1.8.0_45\bin\sunmscapi.dll
0x00007ffb36f00000 - 0x00007ffb37056000 	C:\WINDOWS\System32\CRYPT32.dll
0x00007ffb349f0000 - 0x00007ffb34bd4000 	C:\WINDOWS\SYSTEM32\dbghelp.dll

VM Arguments:
jvm_args: -agentlib:jdwp=transport=dt_socket,suspend=y,address=localhost:54998 -Dcom.sun.management.jmxremote -Dcom.sun.management.jmxremote.port=54997 -Dcom.sun.management.jmxremote.authenticate=false -Dcom.sun.management.jmxremote.ssl=false -Djava.rmi.server.hostname=localhost -Dspring.jmx.enabled=true -Dspring.application.admin.enabled=true -Xverify:none -XX:TieredStopAtLevel=1 -Dspring.boot.project.name=toptop -javaagent:C:\Program Files\STS4\sts-4.8.0.RELEASE\configuration\org.eclipse.osgi\265\0\.cp\lib\javaagent-shaded.jar -Dfile.encoding=UTF-8 
java_command: com.cp2196g03g2.server.toptop.ToptopApplication --spring.output.ansi.enabled=always
java_class_path (initial): C:\Users\dinh9\OneDrive\Desktop\CP2196G03G2_TopTop-Server\workspace\toptop\target\classes;D:\M2\org\springframework\boot\spring-boot-starter-web\2.7.4\spring-boot-starter-web-2.7.4.jar;D:\M2\org\springframework\boot\spring-boot-starter\2.7.4\spring-boot-starter-2.7.4.jar;D:\M2\org\springframework\boot\spring-boot-starter-logging\2.7.4\spring-boot-starter-logging-2.7.4.jar;D:\M2\ch\qos\logback\logback-classic\1.2.11\logback-classic-1.2.11.jar;D:\M2\ch\qos\logback\logback-core\1.2.11\logback-core-1.2.11.jar;D:\M2\org\apache\logging\log4j\log4j-to-slf4j\2.17.2\log4j-to-slf4j-2.17.2.jar;D:\M2\org\apache\logging\log4j\log4j-api\2.17.2\log4j-api-2.17.2.jar;D:\M2\org\slf4j\jul-to-slf4j\1.7.36\jul-to-slf4j-1.7.36.jar;D:\M2\org\yaml\snakeyaml\1.30\snakeyaml-1.30.jar;D:\M2\org\springframework\boot\spring-boot-starter-json\2.7.4\spring-boot-starter-json-2.7.4.jar;D:\M2\com\fasterxml\jackson\datatype\jackson-datatype-jdk8\2.13.4\jackson-datatype-jdk8-2.13.4.jar;D:\M2\com\fasterxml\jackson\datatype\jackson-datatype-jsr310\2.13.4\jackson-datatype-jsr310-2.13.4.jar;D:\M2\com\fasterxml\jackson\module\jackson-module-parameter-names\2.13.4\jackson-module-parameter-names-2.13.4.jar;D:\M2\org\springframework\spring-web\5.3.23\spring-web-5.3.23.jar;D:\M2\org\springframework\spring-beans\5.3.23\spring-beans-5.3.23.jar;D:\M2\org\springframework\spring-webmvc\5.3.23\spring-webmvc-5.3.23.jar;D:\M2\org\springframework\spring-context\5.3.23\spring-context-5.3.23.jar;D:\M2\org\springframework\spring-expression\5.3.23\spring-expression-5.3.23.jar;D:\M2\org\springframework\boot\spring-boot-devtools\2.7.4\spring-boot-devtools-2.7.4.jar;D:\M2\org\springframework\boot\spring-boot\2.7.4\spring-boot-2.7.4.jar;D:\M2\org\springframework\boot\spring-boot-autoconfigure\2.7.4\spring-boot-autoconfigure-2.7.4.jar;D:\M2\org\springframework\boot\spring-boot-starter-tomcat\2.7.4\spring-boot-starter-tomcat-2.7.4.jar;D:\M2\jakarta\annotation\jakarta.annotation-api\1.3.5\jakarta.annot
Launcher Type: SUN_STANDARD

Environment Variables:
JAVA_HOME=C:\Program Files\Java\jdk1.8.0_45
PATH=C:/Program Files/Java/jre1.8.0_45/bin/server;C:/Program Files/Java/jre1.8.0_45/bin;C:/Program Files/Java/jre1.8.0_45/lib/amd64;C:\Program Files\Common Files\Oracle\Java\javapath;C:\WINDOWS\system32;C:\WINDOWS;C:\WINDOWS\System32\Wbem;C:\WINDOWS\System32\WindowsPowerShell\v1.0\;C:\WINDOWS\System32\OpenSSH\;C:\Program Files\Microsoft SQL Server\Client SDK\ODBC\170\Tools\Binn\;C:\Program Files (x86)\Microsoft SQL Server\150\Tools\Binn\;C:\Program Files\Microsoft SQL Server\150\Tools\Binn\;C:\Program Files\Microsoft SQL Server\150\DTS\Binn\;C:\Program Files (x86)\Microsoft SQL Server\150\DTS\Binn\;C:\Program Files\Java\jdk1.8.0_45\bin;C:\Program Files\Java\apache-maven-3.8.6\bin;C:\Program Files\dotnet\;C:\Program Files\Microsoft SQL Server\130\Tools\Binn\;C:\Program Files\nodejs\;C:\Program Files\Git\cmd;C:\Program Files\Microsoft SQL Server\110\Tools\Binn\;C:\xampp\php;C:\Program Files\MySQL\MySQL Shell 8.0\bin\;C:\Users\dinh9\AppData\Local\Microsoft\WindowsApps;C:\Program Files\Azure Data Studio\bin;C:\Users\dinh9\AppData\Local\Programs\Microsoft VS Code\bin;C:\Users\dinh9\.dotnet\tools;C:\Program Files\JetBrains\IntelliJ IDEA\bin;;C:\Users\dinh9\AppData\Roaming\npm;C:\Users\dinh9\AppData\Local\GitHubDesktop\bin;C:\xampp\php;;C:\Program Files\STS4\sts-4.8.0.RELEASE;
USERNAME=Nguyen Dinh
OS=Windows_NT
PROCESSOR_IDENTIFIER=Intel64 Family 6 Model 142 Stepping 11, GenuineIntel



---------------  S Y S T E M  ---------------

OS: Windows 10.0 , 64 bit Build 19041 (10.0.19041.1889)

CPU:total 8 (4 cores per cpu, 2 threads per core) family 6 model 142 stepping 11, cmov, cx8, fxsr, mmx, sse, sse2, sse3, ssse3, sse4.1, sse4.2, popcnt, avx, avx2, aes, clmul, erms, 3dnowpref, lzcnt, ht, tsc, tscinvbit, bmi1, bmi2, adx

Memory: 4k page, physical 8236656k(1538184k free), swap 16625264k(4099828k free)

vm_info: Java HotSpot(TM) 64-Bit Server VM (25.45-b02) for windows-amd64 JRE (1.8.0_45-b15), built on Apr 30 2015 12:40:44 by "java_re" with MS VC++ 10.0 (VS2010)

time: Sat Oct 22 22:06:41 2022
elapsed time: 194 seconds (0d 0h 3m 14s)

